  [1m[35m (482.2ms)[0m  [1m[35mCREATE DATABASE "polls_app_development" ENCODING = 'unicode'[0m
  ↳ bin/rails:9
  [1m[35m (245.9ms)[0m  [1m[35mCREATE DATABASE "polls_app_test" ENCODING = 'unicode'[0m
  ↳ bin/rails:9
  [1m[35m (68.7ms)[0m  [1m[35mCREATE TABLE "schema_migrations" ("version" character varying NOT NULL PRIMARY KEY)[0m
  ↳ bin/rails:9
  [1m[35m (35.8ms)[0m  [1m[35mCREATE TABLE "ar_internal_metadata" ("key" character varying NOT NULL PRIMARY KEY, "value" character varying, "created_at" timestamp NOT NULL, "updated_at" timestamp NOT NULL)[0m
  ↳ bin/rails:9
  [1m[35m (0.3ms)[0m  [1m[34mSELECT pg_try_advisory_lock(4042686100896465855)[0m
  ↳ bin/rails:9
  [1m[35m (1.0ms)[0m  [1m[34mSELECT "schema_migrations"."version" FROM "schema_migrations" ORDER BY "schema_migrations"."version" ASC[0m
  ↳ bin/rails:9
Migrating to CreateUser (20190221202127)
  [1m[35m (0.2ms)[0m  [1m[35mBEGIN[0m
  ↳ bin/rails:9
  [1m[35m (35.8ms)[0m  [1m[35mCREATE TABLE "users" ("id" bigserial primary key)[0m
  ↳ db/migrate/20190221202127_create_user.rb:3
  [1m[36mActiveRecord::SchemaMigration Create (0.6ms)[0m  [1m[32mINSERT INTO "schema_migrations" ("version") VALUES ($1) RETURNING "version"[0m  [["version", "20190221202127"]]
  ↳ bin/rails:9
  [1m[35m (0.7ms)[0m  [1m[35mCOMMIT[0m
  ↳ bin/rails:9
  [1m[36mActiveRecord::InternalMetadata Load (0.6ms)[0m  [1m[34mSELECT  "ar_internal_metadata".* FROM "ar_internal_metadata" WHERE "ar_internal_metadata"."key" = $1 LIMIT $2[0m  [["key", "environment"], ["LIMIT", 1]]
  ↳ bin/rails:9
  [1m[35m (0.2ms)[0m  [1m[35mBEGIN[0m
  ↳ bin/rails:9
  [1m[36mActiveRecord::InternalMetadata Create (0.6ms)[0m  [1m[32mINSERT INTO "ar_internal_metadata" ("key", "value", "created_at", "updated_at") VALUES ($1, $2, $3, $4) RETURNING "key"[0m  [["key", "environment"], ["value", "development"], ["created_at", "2019-02-21 20:22:51.506370"], ["updated_at", "2019-02-21 20:22:51.506370"]]
  ↳ bin/rails:9
  [1m[35m (15.1ms)[0m  [1m[35mCOMMIT[0m
  ↳ bin/rails:9
  [1m[35m (0.6ms)[0m  [1m[34mSELECT pg_advisory_unlock(4042686100896465855)[0m
  ↳ bin/rails:9
  [1m[35m (0.6ms)[0m  [1m[34mSELECT "schema_migrations"."version" FROM "schema_migrations" ORDER BY "schema_migrations"."version" ASC[0m
  ↳ bin/rails:9
  [1m[35m (1.1ms)[0m  [1m[34mSELECT "schema_migrations"."version" FROM "schema_migrations" ORDER BY "schema_migrations"."version" ASC[0m
  ↳ bin/rails:9
  [1m[35m (0.3ms)[0m  [1m[34mSELECT pg_try_advisory_lock(4042686100896465855)[0m
  ↳ bin/rails:9
  [1m[35m (1.3ms)[0m  [1m[34mSELECT "schema_migrations"."version" FROM "schema_migrations" ORDER BY "schema_migrations"."version" ASC[0m
  ↳ bin/rails:9
Migrating to CreatePoll (20190221202346)
  [1m[35m (0.2ms)[0m  [1m[35mBEGIN[0m
  ↳ bin/rails:9
  [1m[35m (78.6ms)[0m  [1m[35mCREATE TABLE "polls" ("id" bigserial primary key, "user_id" integer NOT NULL, "title" character varying NOT NULL, "created_at" timestamp NOT NULL, "updated_at" timestamp NOT NULL)[0m
  ↳ db/migrate/20190221202346_create_poll.rb:3
  [1m[36mActiveRecord::SchemaMigration Create (0.5ms)[0m  [1m[32mINSERT INTO "schema_migrations" ("version") VALUES ($1) RETURNING "version"[0m  [["version", "20190221202346"]]
  ↳ bin/rails:9
  [1m[35m (38.2ms)[0m  [1m[35mCOMMIT[0m
  ↳ bin/rails:9
Migrating to CreateQuestion (20190221202353)
  [1m[35m (15.5ms)[0m  [1m[35mBEGIN[0m
  ↳ bin/rails:9
  [1m[35m (18.8ms)[0m  [1m[35mCREATE TABLE "questions" ("id" bigserial primary key, "poll_id" integer NOT NULL, "created_at" timestamp NOT NULL, "updated_at" timestamp NOT NULL)[0m
  ↳ db/migrate/20190221202353_create_question.rb:3
  [1m[36mActiveRecord::SchemaMigration Create (0.4ms)[0m  [1m[32mINSERT INTO "schema_migrations" ("version") VALUES ($1) RETURNING "version"[0m  [["version", "20190221202353"]]
  ↳ bin/rails:9
  [1m[35m (0.6ms)[0m  [1m[35mCOMMIT[0m
  ↳ bin/rails:9
Migrating to CreateAnswerChoice (20190221202409)
  [1m[35m (15.6ms)[0m  [1m[35mBEGIN[0m
  ↳ bin/rails:9
  [1m[35m (15.2ms)[0m  [1m[35mCREATE TABLE "answer_choices" ("id" bigserial primary key, "question_id" integer NOT NULL, "created_at" timestamp NOT NULL, "updated_at" timestamp NOT NULL)[0m
  ↳ db/migrate/20190221202409_create_answer_choice.rb:3
  [1m[36mActiveRecord::SchemaMigration Create (0.4ms)[0m  [1m[32mINSERT INTO "schema_migrations" ("version") VALUES ($1) RETURNING "version"[0m  [["version", "20190221202409"]]
  ↳ bin/rails:9
  [1m[35m (0.8ms)[0m  [1m[35mCOMMIT[0m
  ↳ bin/rails:9
Migrating to CreateResponse (20190221202421)
  [1m[35m (15.9ms)[0m  [1m[35mBEGIN[0m
  ↳ bin/rails:9
  [1m[35m (219.4ms)[0m  [1m[35mCREATE TABLE "responses" ("id" bigserial primary key, "user_id" integer, "answer_choice_id" integer, "created_at" timestamp NOT NULL, "updated_at" timestamp NOT NULL)[0m
  ↳ db/migrate/20190221202421_create_response.rb:3
  [1m[36mActiveRecord::SchemaMigration Create (0.4ms)[0m  [1m[32mINSERT INTO "schema_migrations" ("version") VALUES ($1) RETURNING "version"[0m  [["version", "20190221202421"]]
  ↳ bin/rails:9
  [1m[35m (0.6ms)[0m  [1m[35mCOMMIT[0m
  ↳ bin/rails:9
  [1m[36mActiveRecord::InternalMetadata Load (0.5ms)[0m  [1m[34mSELECT  "ar_internal_metadata".* FROM "ar_internal_metadata" WHERE "ar_internal_metadata"."key" = $1 LIMIT $2[0m  [["key", "environment"], ["LIMIT", 1]]
  ↳ bin/rails:9
  [1m[35m (0.2ms)[0m  [1m[35mBEGIN[0m
  ↳ bin/rails:9
  [1m[35m (0.1ms)[0m  [1m[35mCOMMIT[0m
  ↳ bin/rails:9
  [1m[35m (0.3ms)[0m  [1m[34mSELECT pg_advisory_unlock(4042686100896465855)[0m
  ↳ bin/rails:9
  [1m[35m (0.3ms)[0m  [1m[34mSELECT "schema_migrations"."version" FROM "schema_migrations" ORDER BY "schema_migrations"."version" ASC[0m
  ↳ bin/rails:9
  [1m[35m (0.3ms)[0m  [1m[34mSELECT pg_try_advisory_lock(4042686100896465855)[0m
  ↳ bin/rails:9
  [1m[35m (1.5ms)[0m  [1m[34mSELECT "schema_migrations"."version" FROM "schema_migrations" ORDER BY "schema_migrations"."version" ASC[0m
  ↳ bin/rails:9
Migrating to AddColumnToUser (20190221210840)
  [1m[35m (0.2ms)[0m  [1m[35mBEGIN[0m
  ↳ bin/rails:9
  [1m[35m (34.8ms)[0m  [1m[35mALTER TABLE "users" ADD "username" character varying[0m
  ↳ db/migrate/20190221210840_add_column_to_user.rb:3
  [1m[36mActiveRecord::SchemaMigration Create (0.5ms)[0m  [1m[32mINSERT INTO "schema_migrations" ("version") VALUES ($1) RETURNING "version"[0m  [["version", "20190221210840"]]
  ↳ bin/rails:9
  [1m[35m (14.8ms)[0m  [1m[35mCOMMIT[0m
  ↳ bin/rails:9
  [1m[36mActiveRecord::InternalMetadata Load (0.5ms)[0m  [1m[34mSELECT  "ar_internal_metadata".* FROM "ar_internal_metadata" WHERE "ar_internal_metadata"."key" = $1 LIMIT $2[0m  [["key", "environment"], ["LIMIT", 1]]
  ↳ bin/rails:9
  [1m[35m (0.2ms)[0m  [1m[35mBEGIN[0m
  ↳ bin/rails:9
  [1m[35m (0.1ms)[0m  [1m[35mCOMMIT[0m
  ↳ bin/rails:9
  [1m[35m (0.3ms)[0m  [1m[34mSELECT pg_advisory_unlock(4042686100896465855)[0m
  ↳ bin/rails:9
  [1m[35m (0.3ms)[0m  [1m[34mSELECT "schema_migrations"."version" FROM "schema_migrations" ORDER BY "schema_migrations"."version" ASC[0m
  ↳ bin/rails:9
  [1m[35m (0.3ms)[0m  [1m[34mSELECT pg_try_advisory_lock(4042686100896465855)[0m
  ↳ bin/rails:9
  [1m[35m (19.5ms)[0m  [1m[34mSELECT "schema_migrations"."version" FROM "schema_migrations" ORDER BY "schema_migrations"."version" ASC[0m
  ↳ bin/rails:9
Migrating to AddBodyColumns (20190221211213)
  [1m[35m (0.2ms)[0m  [1m[35mBEGIN[0m
  ↳ bin/rails:9
  [1m[35m (52.3ms)[0m  [1m[35mALTER TABLE "answer_choices" ADD "body" text[0m
  ↳ db/migrate/20190221211213_add_body_columns.rb:3
  [1m[35m (2.1ms)[0m  [1m[35mALTER TABLE "questions" ADD "body" text[0m
  ↳ db/migrate/20190221211213_add_body_columns.rb:4
  [1m[36mActiveRecord::SchemaMigration Create (0.5ms)[0m  [1m[32mINSERT INTO "schema_migrations" ("version") VALUES ($1) RETURNING "version"[0m  [["version", "20190221211213"]]
  ↳ bin/rails:9
  [1m[35m (18.2ms)[0m  [1m[35mCOMMIT[0m
  ↳ bin/rails:9
  [1m[36mActiveRecord::InternalMetadata Load (0.6ms)[0m  [1m[34mSELECT  "ar_internal_metadata".* FROM "ar_internal_metadata" WHERE "ar_internal_metadata"."key" = $1 LIMIT $2[0m  [["key", "environment"], ["LIMIT", 1]]
  ↳ bin/rails:9
  [1m[35m (0.2ms)[0m  [1m[35mBEGIN[0m
  ↳ bin/rails:9
  [1m[35m (0.2ms)[0m  [1m[35mCOMMIT[0m
  ↳ bin/rails:9
  [1m[35m (0.4ms)[0m  [1m[34mSELECT pg_advisory_unlock(4042686100896465855)[0m
  ↳ bin/rails:9
  [1m[35m (0.4ms)[0m  [1m[34mSELECT "schema_migrations"."version" FROM "schema_migrations" ORDER BY "schema_migrations"."version" ASC[0m
  ↳ bin/rails:9
  [1m[35m (16.7ms)[0m  [1m[34mSELECT "schema_migrations"."version" FROM "schema_migrations" ORDER BY "schema_migrations"."version" ASC[0m
  ↳ bin/rails:9
  [1m[35m (0.2ms)[0m  [1m[35mBEGIN[0m
  ↳ db/seeds.rb:9
  [1m[36mUser Create (50.3ms)[0m  [1m[32mINSERT INTO "users" ("username") VALUES ($1) RETURNING "id"[0m  [["username", "elephant123"]]
  ↳ db/seeds.rb:9
  [1m[35m (22.6ms)[0m  [1m[35mCOMMIT[0m
  ↳ db/seeds.rb:9
  [1m[35m (0.2ms)[0m  [1m[35mBEGIN[0m
  ↳ db/seeds.rb:10
  [1m[36mUser Create (0.4ms)[0m  [1m[32mINSERT INTO "users" ("username") VALUES ($1) RETURNING "id"[0m  [["username", "appacademy456"]]
  ↳ db/seeds.rb:10
  [1m[35m (19.6ms)[0m  [1m[35mCOMMIT[0m
  ↳ db/seeds.rb:10
  [1m[35m (1.1ms)[0m  [1m[34mSELECT "schema_migrations"."version" FROM "schema_migrations" ORDER BY "schema_migrations"."version" ASC[0m
  ↳ bin/rails:9
  [1m[35m (0.2ms)[0m  [1m[35mBEGIN[0m
  ↳ db/seeds.rb:9
  [1m[36mUser Create (0.7ms)[0m  [1m[32mINSERT INTO "users" ("username") VALUES ($1) RETURNING "id"[0m  [["username", "elephant123"]]
  ↳ db/seeds.rb:9
  [1m[35m (15.8ms)[0m  [1m[35mCOMMIT[0m
  ↳ db/seeds.rb:9
  [1m[35m (0.2ms)[0m  [1m[35mBEGIN[0m
  ↳ db/seeds.rb:10
  [1m[36mUser Create (0.4ms)[0m  [1m[32mINSERT INTO "users" ("username") VALUES ($1) RETURNING "id"[0m  [["username", "appacademy456"]]
  ↳ db/seeds.rb:10
  [1m[35m (0.5ms)[0m  [1m[35mCOMMIT[0m
  ↳ db/seeds.rb:10
  [1m[35m (0.2ms)[0m  [1m[35mBEGIN[0m
  ↳ db/seeds.rb:12
  [1m[36mUser Load (0.4ms)[0m  [1m[34mSELECT  "users".* FROM "users" WHERE "users"."id" = $1 LIMIT $2[0m  [["id", 3], ["LIMIT", 1]]
  ↳ db/seeds.rb:12
  [1m[36mPoll Create (32.4ms)[0m  [1m[32mINSERT INTO "polls" ("user_id", "title", "created_at", "updated_at") VALUES ($1, $2, $3, $4) RETURNING "id"[0m  [["user_id", 3], ["title", "election"], ["created_at", "2019-02-21 22:01:15.578300"], ["updated_at", "2019-02-21 22:01:15.578300"]]
  ↳ db/seeds.rb:12
  [1m[35m (0.4ms)[0m  [1m[35mCOMMIT[0m
  ↳ db/seeds.rb:12
  [1m[35m (0.1ms)[0m  [1m[35mBEGIN[0m
  ↳ db/seeds.rb:13
  [1m[36mUser Load (0.3ms)[0m  [1m[34mSELECT  "users".* FROM "users" WHERE "users"."id" = $1 LIMIT $2[0m  [["id", 4], ["LIMIT", 1]]
  ↳ db/seeds.rb:13
  [1m[36mPoll Create (0.4ms)[0m  [1m[32mINSERT INTO "polls" ("user_id", "title", "created_at", "updated_at") VALUES ($1, $2, $3, $4) RETURNING "id"[0m  [["user_id", 4], ["title", "favoritefood"], ["created_at", "2019-02-21 22:01:15.614275"], ["updated_at", "2019-02-21 22:01:15.614275"]]
  ↳ db/seeds.rb:13
  [1m[35m (0.4ms)[0m  [1m[35mCOMMIT[0m
  ↳ db/seeds.rb:13
  [1m[35m (1.1ms)[0m  [1m[34mSELECT "schema_migrations"."version" FROM "schema_migrations" ORDER BY "schema_migrations"."version" ASC[0m
  ↳ bin/rails:9
  [1m[35m (0.2ms)[0m  [1m[35mBEGIN[0m
  ↳ db/seeds.rb:9
  [1m[36mUser Create (0.8ms)[0m  [1m[32mINSERT INTO "users" ("username") VALUES ($1) RETURNING "id"[0m  [["username", "elephant123"]]
  ↳ db/seeds.rb:9
  [1m[35m (15.7ms)[0m  [1m[35mCOMMIT[0m
  ↳ db/seeds.rb:9
  [1m[35m (0.2ms)[0m  [1m[35mBEGIN[0m
  ↳ db/seeds.rb:10
  [1m[36mUser Create (0.4ms)[0m  [1m[32mINSERT INTO "users" ("username") VALUES ($1) RETURNING "id"[0m  [["username", "appacademy456"]]
  ↳ db/seeds.rb:10
  [1m[35m (0.4ms)[0m  [1m[35mCOMMIT[0m
  ↳ db/seeds.rb:10
  [1m[35m (0.2ms)[0m  [1m[35mBEGIN[0m
  ↳ db/seeds.rb:12
  [1m[36mUser Load (0.4ms)[0m  [1m[34mSELECT  "users".* FROM "users" WHERE "users"."id" = $1 LIMIT $2[0m  [["id", 5], ["LIMIT", 1]]
  ↳ db/seeds.rb:12
  [1m[36mPoll Create (0.7ms)[0m  [1m[32mINSERT INTO "polls" ("user_id", "title", "created_at", "updated_at") VALUES ($1, $2, $3, $4) RETURNING "id"[0m  [["user_id", 5], ["title", "election"], ["created_at", "2019-02-21 22:01:36.382699"], ["updated_at", "2019-02-21 22:01:36.382699"]]
  ↳ db/seeds.rb:12
  [1m[35m (16.1ms)[0m  [1m[35mCOMMIT[0m
  ↳ db/seeds.rb:12
  [1m[35m (0.2ms)[0m  [1m[35mBEGIN[0m
  ↳ db/seeds.rb:13
  [1m[36mUser Load (0.4ms)[0m  [1m[34mSELECT  "users".* FROM "users" WHERE "users"."id" = $1 LIMIT $2[0m  [["id", 6], ["LIMIT", 1]]
  ↳ db/seeds.rb:13
  [1m[36mPoll Create (0.4ms)[0m  [1m[32mINSERT INTO "polls" ("user_id", "title", "created_at", "updated_at") VALUES ($1, $2, $3, $4) RETURNING "id"[0m  [["user_id", 6], ["title", "favoritefood"], ["created_at", "2019-02-21 22:01:36.402815"], ["updated_at", "2019-02-21 22:01:36.402815"]]
  ↳ db/seeds.rb:13
  [1m[35m (15.5ms)[0m  [1m[35mCOMMIT[0m
  ↳ db/seeds.rb:13
  [1m[35m (0.2ms)[0m  [1m[35mBEGIN[0m
  ↳ db/seeds.rb:15
  [1m[36mPoll Load (0.4ms)[0m  [1m[34mSELECT  "polls".* FROM "polls" WHERE "polls"."id" = $1 LIMIT $2[0m  [["id", 3], ["LIMIT", 1]]
  ↳ db/seeds.rb:15
  [1m[36mQuestion Create (2.6ms)[0m  [1m[32mINSERT INTO "questions" ("poll_id", "created_at", "updated_at", "body") VALUES ($1, $2, $3, $4) RETURNING "id"[0m  [["poll_id", 3], ["created_at", "2019-02-21 22:01:36.437388"], ["updated_at", "2019-02-21 22:01:36.437388"], ["body", "Who to vote?"]]
  ↳ db/seeds.rb:15
  [1m[35m (15.4ms)[0m  [1m[35mCOMMIT[0m
  ↳ db/seeds.rb:15
  [1m[35m (0.2ms)[0m  [1m[35mBEGIN[0m
  ↳ db/seeds.rb:16
  [1m[36mPoll Load (0.4ms)[0m  [1m[34mSELECT  "polls".* FROM "polls" WHERE "polls"."id" = $1 LIMIT $2[0m  [["id", 4], ["LIMIT", 1]]
  ↳ db/seeds.rb:16
  [1m[36mQuestion Create (0.4ms)[0m  [1m[32mINSERT INTO "questions" ("poll_id", "created_at", "updated_at", "body") VALUES ($1, $2, $3, $4) RETURNING "id"[0m  [["poll_id", 4], ["created_at", "2019-02-21 22:01:36.458869"], ["updated_at", "2019-02-21 22:01:36.458869"], ["body", "What to eat?"]]
  ↳ db/seeds.rb:16
  [1m[35m (0.5ms)[0m  [1m[35mCOMMIT[0m
  ↳ db/seeds.rb:16
  [1m[35m (0.2ms)[0m  [1m[35mBEGIN[0m
  ↳ db/seeds.rb:18
  [1m[36mQuestion Load (0.4ms)[0m  [1m[34mSELECT  "questions".* FROM "questions" WHERE "questions"."id" = $1 LIMIT $2[0m  [["id", 1], ["LIMIT", 1]]
  ↳ db/seeds.rb:18
  [1m[36mAnswerChoice Create (2.4ms)[0m  [1m[32mINSERT INTO "answer_choices" ("question_id", "created_at", "updated_at", "body") VALUES ($1, $2, $3, $4) RETURNING "id"[0m  [["question_id", 1], ["created_at", "2019-02-21 22:01:36.488937"], ["updated_at", "2019-02-21 22:01:36.488937"], ["body", "Democrat"]]
  ↳ db/seeds.rb:18
  [1m[35m (15.7ms)[0m  [1m[35mCOMMIT[0m
  ↳ db/seeds.rb:18
  [1m[35m (0.1ms)[0m  [1m[35mBEGIN[0m
  ↳ db/seeds.rb:19
  [1m[36mQuestion Load (0.3ms)[0m  [1m[34mSELECT  "questions".* FROM "questions" WHERE "questions"."id" = $1 LIMIT $2[0m  [["id", 2], ["LIMIT", 1]]
  ↳ db/seeds.rb:19
  [1m[36mAnswerChoice Create (0.4ms)[0m  [1m[32mINSERT INTO "answer_choices" ("question_id", "created_at", "updated_at", "body") VALUES ($1, $2, $3, $4) RETURNING "id"[0m  [["question_id", 2], ["created_at", "2019-02-21 22:01:36.510259"], ["updated_at", "2019-02-21 22:01:36.510259"], ["body", "apple"]]
  ↳ db/seeds.rb:19
  [1m[35m (0.4ms)[0m  [1m[35mCOMMIT[0m
  ↳ db/seeds.rb:19
  [1m[35m (0.2ms)[0m  [1m[35mBEGIN[0m
  ↳ db/seeds.rb:21
  [1m[36mAnswerChoice Load (0.4ms)[0m  [1m[34mSELECT  "answer_choices".* FROM "answer_choices" WHERE "answer_choices"."id" = $1 LIMIT $2[0m  [["id", 1], ["LIMIT", 1]]
  ↳ db/seeds.rb:21
  [1m[36mUser Load (0.4ms)[0m  [1m[34mSELECT  "users".* FROM "users" WHERE "users"."id" = $1 LIMIT $2[0m  [["id", 5], ["LIMIT", 1]]
  ↳ db/seeds.rb:21
  [1m[36mResponse Create (2.3ms)[0m  [1m[32mINSERT INTO "responses" ("user_id", "answer_choice_id", "created_at", "updated_at") VALUES ($1, $2, $3, $4) RETURNING "id"[0m  [["user_id", 5], ["answer_choice_id", 1], ["created_at", "2019-02-21 22:01:36.535657"], ["updated_at", "2019-02-21 22:01:36.535657"]]
  ↳ db/seeds.rb:21
  [1m[35m (14.7ms)[0m  [1m[35mCOMMIT[0m
  ↳ db/seeds.rb:21
  [1m[35m (0.2ms)[0m  [1m[35mBEGIN[0m
  ↳ db/seeds.rb:22
  [1m[36mAnswerChoice Load (0.4ms)[0m  [1m[34mSELECT  "answer_choices".* FROM "answer_choices" WHERE "answer_choices"."id" = $1 LIMIT $2[0m  [["id", 2], ["LIMIT", 1]]
  ↳ db/seeds.rb:22
  [1m[36mUser Load (0.3ms)[0m  [1m[34mSELECT  "users".* FROM "users" WHERE "users"."id" = $1 LIMIT $2[0m  [["id", 6], ["LIMIT", 1]]
  ↳ db/seeds.rb:22
  [1m[36mResponse Create (0.4ms)[0m  [1m[32mINSERT INTO "responses" ("user_id", "answer_choice_id", "created_at", "updated_at") VALUES ($1, $2, $3, $4) RETURNING "id"[0m  [["user_id", 6], ["answer_choice_id", 2], ["created_at", "2019-02-21 22:01:36.557402"], ["updated_at", "2019-02-21 22:01:36.557402"]]
  ↳ db/seeds.rb:22
  [1m[35m (0.4ms)[0m  [1m[35mCOMMIT[0m
  ↳ db/seeds.rb:22
  [1m[36mQuestion Load (0.8ms)[0m  [1m[34mSELECT "questions".* FROM "questions"[0m
  [1m[36mQuestion Load (0.4ms)[0m  [1m[34mSELECT  "questions".* FROM "questions" ORDER BY "questions"."id" ASC LIMIT $1[0m  [["LIMIT", 1]]
  [1m[36mQuestion Load (0.5ms)[0m  [1m[34mSELECT  "questions".* FROM "questions" ORDER BY "questions"."id" ASC LIMIT $1[0m  [["LIMIT", 1]]
  [1m[36mResponse Load (1.0ms)[0m  [1m[34mSELECT "responses".* FROM "responses" INNER JOIN "answer_choices" ON "responses"."answer_choice_id" = "answer_choices"."id" WHERE "answer_choices"."question_id" = $1[0m  [["question_id", 1]]
  [1m[36mQuestion Load (0.5ms)[0m  [1m[34mSELECT  "questions".* FROM "questions" ORDER BY "questions"."id" ASC LIMIT $1[0m  [["LIMIT", 1]]
  [1m[36mAnswerChoice Load (0.3ms)[0m  [1m[34mSELECT "answer_choices".* FROM "answer_choices" WHERE "answer_choices"."question_id" = $1[0m  [["question_id", 1]]
  [1m[36mQuestion Load (0.5ms)[0m  [1m[34mSELECT  "questions".* FROM "questions" ORDER BY "questions"."id" ASC LIMIT $1[0m  [["LIMIT", 1]]
  [1m[36mResponse Load (0.8ms)[0m  [1m[34mSELECT "responses".* FROM "responses" INNER JOIN "answer_choices" ON "responses"."answer_choice_id" = "answer_choices"."id" WHERE "answer_choices"."question_id" = $1[0m  [["question_id", 1]]
